# JRE version: Java(TM) SE Runtime Environment (8.0_31-b13) (build 1.8.0_31-b13)
# Java VM: Java HotSpot(TM) 64-Bit Server VM (25.31-b07 mixed mode windows-amd64 compressed oops)
Heap:
 PSYoungGen      total 266752K, used 161541K [0x00000000e0780000, 0x00000000f3a80000, 0x0000000100000000)
  eden space 245760K, 59% used [0x00000000e0780000,0x00000000e952aae0,0x00000000ef780000)
  from space 20992K, 78% used [0x00000000f2600000,0x00000000f3616b90,0x00000000f3a80000)
  to   space 34304K, 0% used [0x00000000ef780000,0x00000000ef780000,0x00000000f1900000)
 ParOldGen       total 171008K, used 102235K [0x00000000a1600000, 0x00000000abd00000, 0x00000000e0780000)
  object space 171008K, 59% used [0x00000000a1600000,0x00000000a79d6c78,0x00000000abd00000)
 Metaspace       used 85029K, capacity 87990K, committed 88536K, reserved 1126400K
  class space    used 9936K, capacity 10679K, committed 10752K, reserved 1048576K
GC Heap History (10 events):
Event: 4896.116 GC heap before
{Heap before GC invocations=132 (full 18):
 PSYoungGen      total 291328K, used 271279K [0x00000000e0780000, 0x00000000f5700000, 0x0000000100000000)
  eden space 246784K, 100% used [0x00000000e0780000,0x00000000ef880000,0x00000000ef880000)
  from space 44544K, 54% used [0x00000000ef880000,0x00000000f106bdd8,0x00000000f2400000)
  to   space 45056K, 0% used [0x00000000f2b00000,0x00000000f2b00000,0x00000000f5700000)
 ParOldGen       total 171008K, used 102235K [0x00000000a1600000, 0x00000000abd00000, 0x00000000e0780000)
  object space 171008K, 59% used [0x00000000a1600000,0x00000000a79d6c78,0x00000000abd00000)
 Metaspace       used 84938K, capacity 87920K, committed 88280K, reserved 1126400K
  class space    used 9923K, capacity 10678K, committed 10752K, reserved 1048576K
Event: 4896.131 GC heap after
Heap after GC invocations=132 (full 18):
 PSYoungGen      total 290304K, used 16341K [0x00000000e0780000, 0x00000000f5080000, 0x0000000100000000)
  eden space 251904K, 0% used [0x00000000e0780000,0x00000000e0780000,0x00000000efd80000)
  from space 38400K, 42% used [0x00000000f2b00000,0x00000000f3af56b8,0x00000000f5080000)
  to   space 42496K, 0% used [0x00000000efd80000,0x00000000efd80000,0x00000000f2700000)
 ParOldGen       total 171008K, used 102235K [0x00000000a1600000, 0x00000000abd00000, 0x00000000e0780000)
  object space 171008K, 59% used [0x00000000a1600000,0x00000000a79d6c78,0x00000000abd00000)
 Metaspace       used 84938K, capacity 87920K, committed 88280K, reserved 1126400K
  class space    used 9923K, capacity 10678K, committed 10752K, reserved 1048576K
}
Event: 4978.607 GC heap before
{Heap before GC invocations=133 (full 18):
 PSYoungGen      total 290304K, used 268245K [0x00000000e0780000, 0x00000000f5080000, 0x0000000100000000)
  eden space 251904K, 100% used [0x00000000e0780000,0x00000000efd80000,0x00000000efd80000)
  from space 38400K, 42% used [0x00000000f2b00000,0x00000000f3af56b8,0x00000000f5080000)
  to   space 42496K, 0% used [0x00000000efd80000,0x00000000efd80000,0x00000000f2700000)
 ParOldGen       total 171008K, used 102235K [0x00000000a1600000, 0x00000000abd00000, 0x00000000e0780000)
  object space 171008K, 59% used [0x00000000a1600000,0x00000000a79d6c78,0x00000000abd00000)
 Metaspace       used 84942K, capacity 87926K, committed 88280K, reserved 1126400K
  class space    used 9923K, capacity 10679K, committed 10752K, reserved 1048576K
Event: 4978.621 GC heap after
Heap after GC invocations=133 (full 18):
 PSYoungGen      total 294400K, used 16192K [0x00000000e0780000, 0x00000000f4f80000, 0x0000000100000000)
  eden space 251904K, 0% used [0x00000000e0780000,0x00000000e0780000,0x00000000efd80000)
  from space 42496K, 38% used [0x00000000efd80000,0x00000000f0d50140,0x00000000f2700000)
  to   space 39936K, 0% used [0x00000000f2880000,0x00000000f2880000,0x00000000f4f80000)
 ParOldGen       total 171008K, used 102235K [0x00000000a1600000, 0x00000000abd00000, 0x00000000e0780000)
  object space 171008K, 59% used [0x00000000a1600000,0x00000000a79d6c78,0x00000000abd00000)
 Metaspace       used 84942K, capacity 87926K, committed 88280K, reserved 1126400K
  class space    used 9923K, capacity 10679K, committed 10752K, reserved 1048576K
}
Event: 5061.353 GC heap before
{Heap before GC invocations=134 (full 18):
 PSYoungGen      total 294400K, used 268096K [0x00000000e0780000, 0x00000000f4f80000, 0x0000000100000000)
  eden space 251904K, 100% used [0x00000000e0780000,0x00000000efd80000,0x00000000efd80000)
  from space 42496K, 38% used [0x00000000efd80000,0x00000000f0d50140,0x00000000f2700000)
  to   space 39936K, 0% used [0x00000000f2880000,0x00000000f2880000,0x00000000f4f80000)
 ParOldGen       total 171008K, used 102235K [0x00000000a1600000, 0x00000000abd00000, 0x00000000e0780000)
  object space 171008K, 59% used [0x00000000a1600000,0x00000000a79d6c78,0x00000000abd00000)
 Metaspace       used 84942K, capacity 87926K, committed 88280K, reserved 1126400K
  class space    used 9923K, capacity 10679K, committed 10752K, reserved 1048576K
Event: 5061.367 GC heap after
Heap after GC invocations=134 (full 18):
 PSYoungGen      total 289792K, used 15989K [0x00000000e0780000, 0x00000000f4a80000, 0x0000000100000000)
  eden space 254976K, 0% used [0x00000000e0780000,0x00000000e0780000,0x00000000f0080000)
  from space 34816K, 45% used [0x00000000f2880000,0x00000000f381d6b8,0x00000000f4a80000)
  to   space 37888K, 0% used [0x00000000f0080000,0x00000000f0080000,0x00000000f2580000)
 ParOldGen       total 171008K, used 102235K [0x00000000a1600000, 0x00000000abd00000, 0x00000000e0780000)
  object space 171008K, 59% used [0x00000000a1600000,0x00000000a79d6c78,0x00000000abd00000)
 Metaspace       used 84942K, capacity 87926K, committed 88280K, reserved 1126400K
  class space    used 9923K, capacity 10679K, committed 10752K, reserved 1048576K
}
Event: 5145.204 GC heap before
{Heap before GC invocations=135 (full 18):
 PSYoungGen      total 289792K, used 270965K [0x00000000e0780000, 0x00000000f4a80000, 0x0000000100000000)
  eden space 254976K, 100% used [0x00000000e0780000,0x00000000f0080000,0x00000000f0080000)
  from space 34816K, 45% used [0x00000000f2880000,0x00000000f381d6b8,0x00000000f4a80000)
  to   space 37888K, 0% used [0x00000000f0080000,0x00000000f0080000,0x00000000f2580000)
 ParOldGen       total 171008K, used 102235K [0x00000000a1600000, 0x00000000abd00000, 0x00000000e0780000)
  object space 171008K, 59% used [0x00000000a1600000,0x00000000a79d6c78,0x00000000abd00000)
 Metaspace       used 84942K, capacity 87926K, committed 88280K, reserved 1126400K
  class space    used 9923K, capacity 10679K, committed 10752K, reserved 1048576K
Event: 5145.219 GC heap after
Heap after GC invocations=135 (full 18):
 PSYoungGen      total 292864K, used 15941K [0x00000000e0780000, 0x00000000f4900000, 0x0000000100000000)
  eden space 254976K, 0% used [0x00000000e0780000,0x00000000e0780000,0x00000000f0080000)
  from space 37888K, 42% used [0x00000000f0080000,0x00000000f10116c8,0x00000000f2580000)
  to   space 35840K, 0% used [0x00000000f2600000,0x00000000f2600000,0x00000000f4900000)
 ParOldGen       total 171008K, used 102235K [0x00000000a1600000, 0x00000000abd00000, 0x00000000e0780000)
  object space 171008K, 59% used [0x00000000a1600000,0x00000000a79d6c78,0x00000000abd00000)
 Metaspace       used 84942K, capacity 87926K, committed 88280K, reserved 1126400K
  class space    used 9923K, capacity 10679K, committed 10752K, reserved 1048576K
}
Event: 5230.096 GC heap before
{Heap before GC invocations=136 (full 18):
 PSYoungGen      total 292864K, used 270917K [0x00000000e0780000, 0x00000000f4900000, 0x0000000100000000)
  eden space 254976K, 100% used [0x00000000e0780000,0x00000000f0080000,0x00000000f0080000)
  from space 37888K, 42% used [0x00000000f0080000,0x00000000f10116c8,0x00000000f2580000)
  to   space 35840K, 0% used [0x00000000f2600000,0x00000000f2600000,0x00000000f4900000)
 ParOldGen       total 171008K, used 102235K [0x00000000a1600000, 0x00000000abd00000, 0x00000000e0780000)
  object space 171008K, 59% used [0x00000000a1600000,0x00000000a79d6c78,0x00000000abd00000)
 Metaspace       used 84942K, capacity 87926K, committed 88280K, reserved 1126400K
  class space    used 9923K, capacity 10679K, committed 10752K, reserved 1048576K
Event: 5230.112 GC heap after
Heap after GC invocations=136 (full 18):
 PSYoungGen      total 266752K, used 16474K [0x00000000e0780000, 0x00000000f3a80000, 0x0000000100000000)
  eden space 245760K, 0% used [0x00000000e0780000,0x00000000e0780000,0x00000000ef780000)
  from space 20992K, 78% used [0x00000000f2600000,0x00000000f3616b90,0x00000000f3a80000)
  to   space 34304K, 0% used [0x00000000ef780000,0x00000000ef780000,0x00000000f1900000)
 ParOldGen       total 171008K, used 102235K [0x00000000a1600000, 0x00000000abd00000, 0x00000000e0780000)
  object space 171008K, 59% used [0x00000000a1600000,0x00000000a79d6c78,0x00000000abd00000)
 Metaspace       used 84942K, capacity 87926K, committed 88280K, reserved 1126400K
  class space    used 9923K, capacity 10679K, committed 10752K, reserved 1048576K
}

